[2026-04-14T16:22:38.078Z] [INFO] Bot starting... | {"version":"2.0","coins":2}
[2026-04-14T16:22:38.157Z] [INFO] Web service running on port 3000
[2026-04-14T16:22:41.354Z] [INFO] Loaded 100 price points for bitcoin
[2026-04-14T16:22:43.165Z] [INFO] Loaded 100 price points for ethereum
[2026-04-14T16:22:44.670Z] [INFO] Initial history loaded
[2026-04-14T16:22:45.200Z] [INFO] Signal generated: STRONG_SELL for BTC | {"rsi":"70.17","price":4501333}
[2026-04-14T16:22:48.098Z] [INFO] Checks scheduled every 60 minutes
[2026-04-14T16:22:48.100Z] [INFO] Telegram polling enabled
[2026-04-14T16:22:48.101Z] [INFO] Bot fully started
[2026-04-14T16:36:33.021Z] [INFO] Bot starting... | {"version":"2.0","coins":2}
[2026-04-14T16:36:33.150Z] [INFO] Web service running on port 3000
[2026-04-14T16:36:33.710Z] [INFO] Loaded 100 price points for bitcoin
[2026-04-14T16:36:35.556Z] [INFO] Loaded 100 price points for ethereum
[2026-04-14T16:36:37.062Z] [INFO] Initial history loaded
[2026-04-14T16:36:37.490Z] [INFO] Signal generated: SELL_ZONE for BTC | {"rsi":"66.87","price":4494026}
[2026-04-14T16:36:39.729Z] [INFO] Checks scheduled every 60 minutes
[2026-04-14T16:36:39.730Z] [INFO] Telegram polling enabled
[2026-04-14T16:36:39.733Z] [INFO] Bot fully started
[2026-04-14T16:39:35.839Z] [INFO] Bot restart requested via Telegram
[2026-04-14T16:57:45.091Z] [INFO] Bot starting... | {"version":"2.0","coins":2}
[2026-04-14T16:57:45.214Z] [INFO] Web service running on port 3000
[2026-04-14T16:57:47.859Z] [INFO] Loaded 100 price points for bitcoin
[2026-04-14T16:57:50.273Z] [INFO] Loaded 100 price points for ethereum
[2026-04-14T16:57:51.788Z] [INFO] Initial history loaded
[2026-04-14T16:57:52.467Z] [INFO] Checks scheduled every 60 minutes
[2026-04-14T16:57:52.468Z] [INFO] Telegram polling enabled
[2026-04-14T16:57:52.470Z] [INFO] Bot fully started
[2026-04-14T16:57:57.915Z] [INFO] Bot restart requested via Telegram
[2026-04-14T17:11:15.265Z] [INFO] Bot starting... | {"version":"2.0","coins":2}
[2026-04-14T17:11:15.416Z] [INFO] Web service running on port 3000
[2026-04-14T17:11:16.835Z] [INFO] Loaded 100 price points for bitcoin
[2026-04-14T17:11:18.651Z] [INFO] Loaded 100 price points for ethereum
[2026-04-14T17:11:20.157Z] [INFO] Initial history loaded
[2026-04-14T17:11:20.731Z] [INFO] Checks scheduled every 60 minutes
[2026-04-14T17:11:20.733Z] [INFO] Telegram polling enabled
[2026-04-14T17:11:20.734Z] [INFO] Bot fully started
[2026-04-14T17:11:24.378Z] [INFO] Bot restart requested via Telegram
